Script started on 2023-12-12 08:31:50-03:00 [TERM="xterm-256color" TTY="/dev/pts/1" COLUMNS="80" LINES="24"]
make[1]: Entrando no diretório '/home/chanz22/Documentos/GitHub/RAD-8895/out'
  GEN     ./Makefile
scripts/kconfig/conf  --silentoldconfig Kconfig
Kconfig:15:warning: environment variable ANDROID_MAJOR_VERSION undefined
/home/chanz22/Documentos/GitHub/RAD-8895/Makefile:714: Cannot use CONFIG_CC_STACKPROTECTOR_STRONG: -fstack-protector-strong not supported by compiler
INFO: CC is clang
  CHK     include/config/kernel.release
  GEN     ./Makefile
  UPD     include/config/kernel.release
  WRAP    arch/arm64/include/generated/asm/bug.h
  WRAP    arch/arm64/include/generated/asm/bugs.h
  WRAP    arch/arm64/include/generated/asm/checksum.h
  WRAP    arch/arm64/include/generated/asm/clkdev.h
  WRAP    arch/arm64/include/generated/asm/cputime.h
  WRAP    arch/arm64/include/generated/asm/current.h
  WRAP    arch/arm64/include/generated/asm/delay.h
  WRAP    arch/arm64/include/generated/asm/div64.h
  WRAP    arch/arm64/include/generated/asm/dma.h
  CHK     include/generated/uapi/linux/version.h
  WRAP    arch/arm64/include/generated/asm/dma-contiguous.h
  WRAP    arch/arm64/include/generated/asm/early_ioremap.h
  WRAP    arch/arm64/include/generated/asm/emergency-restart.h
  WRAP    arch/arm64/include/generated/asm/errno.h
  WRAP    arch/arm64/include/generated/asm/ftrace.h
  UPD     include/generated/uapi/linux/version.h
  WRAP    arch/arm64/include/generated/asm/hw_irq.h
  WRAP    arch/arm64/include/generated/asm/ioctl.h
  WRAP    arch/arm64/include/generated/asm/ioctls.h
  WRAP    arch/arm64/include/generated/asm/ipcbuf.h
  WRAP    arch/arm64/include/generated/asm/irq_regs.h
  WRAP    arch/arm64/include/generated/asm/kdebug.h
  WRAP    arch/arm64/include/generated/asm/kmap_types.h
  WRAP    arch/arm64/include/generated/asm/kvm_para.h
  WRAP    arch/arm64/include/generated/asm/local.h
  WRAP    arch/arm64/include/generated/asm/local64.h
  WRAP    arch/arm64/include/generated/asm/mcs_spinlock.h
  WRAP    arch/arm64/include/generated/asm/mm-arch-hooks.h
  WRAP    arch/arm64/include/generated/asm/mman.h
  WRAP    arch/arm64/include/generated/asm/msgbuf.h
  WRAP    arch/arm64/include/generated/asm/msi.h
  WRAP    arch/arm64/include/generated/asm/mutex.h
  WRAP    arch/arm64/include/generated/asm/pci.h
  WRAP    arch/arm64/include/generated/asm/pci-bridge.h
  WRAP    arch/arm64/include/generated/asm/poll.h
  WRAP    arch/arm64/include/generated/asm/preempt.h
  WRAP    arch/arm64/include/generated/asm/resource.h
  WRAP    arch/arm64/include/generated/asm/rwsem.h
  WRAP    arch/arm64/include/generated/asm/sections.h
  WRAP    arch/arm64/include/generated/asm/segment.h
  WRAP    arch/arm64/include/generated/asm/sembuf.h
  WRAP    arch/arm64/include/generated/asm/serial.h
  WRAP    arch/arm64/include/generated/asm/shmbuf.h
  WRAP    arch/arm64/include/generated/asm/simd.h
  WRAP    arch/arm64/include/generated/asm/sizes.h
  WRAP    arch/arm64/include/generated/asm/socket.h
  CHK     include/generated/utsrelease.h
  WRAP    arch/arm64/include/generated/asm/sockios.h
  WRAP    arch/arm64/include/generated/asm/swab.h
  WRAP    arch/arm64/include/generated/asm/switch_to.h
  WRAP    arch/arm64/include/generated/asm/termbits.h
  WRAP    arch/arm64/include/generated/asm/termios.h
  WRAP    arch/arm64/include/generated/asm/topology.h
  WRAP    arch/arm64/include/generated/asm/trace_clock.h
  WRAP    arch/arm64/include/generated/asm/types.h
  WRAP    arch/arm64/include/generated/asm/unaligned.h
  UPD     include/generated/utsrelease.h
  WRAP    arch/arm64/include/generated/asm/user.h
  WRAP    arch/arm64/include/generated/asm/vga.h
  WRAP    arch/arm64/include/generated/asm/xor.h
  WRAP    arch/arm64/include/generated/uapi/asm/kvm_para.h
  HOSTCC  scripts/basic/fixdep
  Using .. as source for kernel
  HOSTCC  scripts/basic/bin2c
  CHK     include/generated/timeconst.h
  CC      kernel/bounds.s
  UPD     include/generated/timeconst.h
  HOSTCC  scripts/kallsyms
  HOSTCC  scripts/dtc/dtc.o
  CC      scripts/mod/empty.o
  HOSTCC  scripts/dtc/flattree.o
  HOSTCC  scripts/mod/mk_elfconfig
  HOSTCC  scripts/dtc/fstree.o
  CC      scripts/mod/devicetable-offsets.s
  HOSTCC  scripts/dtbtool_exynos/dtbtool.o
  HOSTCC  scripts/selinux/genheaders/genheaders
  HOSTCC  scripts/selinux/mdp/mdp
  HOSTCC  scripts/dtbtool_exynos/../dtc/libfdt/fdt.o
clang-9: [0;1;31merror: [0mno such file or directory: 'CONFIG_CC_OPTIMIZE_FOR_PERFORMANCE'[0m
make[2]: *** [.././Kbuild:20: kernel/bounds.s] Erro 1
make[1]: *** [/home/chanz22/Documentos/GitHub/RAD-8895/Makefile:1072: prepare0] Erro 2
make[1]: ** Esperando que outros processos terminem.
clang-9: [0;1;31merror: [0mno such file or directory: 'CONFIG_CC_OPTIMIZE_FOR_PERFORMANCE'[0m
make[3]: *** [../scripts/Makefile.build:153: scripts/mod/devicetable-offsets.s] Erro 1
make[3]: ** Esperando que outros processos terminem.
  HOSTCC  scripts/dtc/data.o
  HOSTCC  scripts/dtbtool_exynos/../dtc/libfdt/fdt_ro.o
clang-9: [0;1;31merror: [0mno such file or directory: 'CONFIG_CC_OPTIMIZE_FOR_PERFORMANCE'[0m
make[3]: *** [../scripts/Makefile.build:267: scripts/mod/empty.o] Erro 1
  HOSTCC  scripts/dtc/livetree.o
make[2]: *** [../scripts/Makefile.build:411: scripts/mod] Erro 2
make[2]: ** Esperando que outros processos terminem.
  HOSTCC  scripts/dtc/treesource.o
  HOSTCC  scripts/dtc/srcpos.o
  HOSTCC  scripts/dtc/checks.o
  HOSTCC  scripts/dtc/util.o
  SHIPPED scripts/dtc/dtc-lexer.lex.c
  SHIPPED scripts/dtc/dtc-parser.tab.h
  SHIPPED scripts/dtc/dtc-parser.tab.c
  HOSTCC  scripts/dtc/dtc-lexer.lex.o
  HOSTCC  scripts/dtc/dtc-parser.tab.o
  HOSTLD  scripts/dtbtool_exynos/dtbtool
  HOSTLD  scripts/dtc/dtc
make[1]: *** [/home/chanz22/Documentos/GitHub/RAD-8895/Makefile:588: scripts] Erro 2
make[1]: Saindo do diretório '/home/chanz22/Documentos/GitHub/RAD-8895/out'
make: *** [Makefile:150: sub-make] Erro 2

Script done on 2023-12-12 08:31:52-03:00 [COMMAND_EXIT_CODE="2"]
